Started GET "/" for ::1 at 2024-10-24 09:37:18 -0400
  [1m[35m (1.0ms)[0m  [1m[35mCREATE TABLE "schema_migrations" ("version" varchar NOT NULL PRIMARY KEY)[0m
  [1m[35m (0.1ms)[0m  [1m[35mCREATE TABLE "ar_internal_metadata" ("key" varchar NOT NULL PRIMARY KEY, "value" varchar, "created_at" datetime(6) NOT NULL, "updated_at" datetime(6) NOT NULL)[0m
  [1m[36mActiveRecord::SchemaMigration Load (0.1ms)[0m  [1m[34mSELECT "schema_migrations"."version" FROM "schema_migrations" ORDER BY "schema_migrations"."version" ASC[0m
Processing by Rails::WelcomeController#index as HTML
  Rendering /opt/homebrew/lib/ruby/gems/3.3.0/gems/railties-7.2.1.2/lib/rails/templates/rails/welcome/index.html.erb
  Rendered /opt/homebrew/lib/ruby/gems/3.3.0/gems/railties-7.2.1.2/lib/rails/templates/rails/welcome/index.html.erb (Duration: 0.4ms | GC: 0.0ms)
Completed 200 OK in 17ms (Views: 4.2ms | ActiveRecord: 0.0ms (0 queries, 0 cached) | GC: 0.0ms)


Started GET "/icon.png" for ::1 at 2024-10-24 09:37:18 -0400
  
ActionController::RoutingError (No route matches [GET] "/icon.png"):
  
Started GET "/" for ::1 at 2024-10-24 09:51:28 -0400
  [1m[36mActiveRecord::SchemaMigration Load (0.4ms)[0m  [1m[34mSELECT "schema_migrations"."version" FROM "schema_migrations" ORDER BY "schema_migrations"."version" ASC[0m
Processing by Rails::WelcomeController#index as HTML
  Rendering /opt/homebrew/lib/ruby/gems/3.3.0/gems/railties-7.2.1.2/lib/rails/templates/rails/welcome/index.html.erb
  Rendered /opt/homebrew/lib/ruby/gems/3.3.0/gems/railties-7.2.1.2/lib/rails/templates/rails/welcome/index.html.erb (Duration: 1.6ms | GC: 1.1ms)
Completed 200 OK in 13ms (Views: 5.3ms | ActiveRecord: 0.0ms (0 queries, 0 cached) | GC: 6.0ms)


  [1m[36mActiveRecord::InternalMetadata Load (0.4ms)[0m  [1m[34mSELECT * FROM "ar_internal_metadata" WHERE "ar_internal_metadata"."key" = ? ORDER BY "ar_internal_metadata"."key" ASC LIMIT 1[0m  [[nil, "environment"]]
  [1m[36mActiveRecord::InternalMetadata Create (0.6ms)[0m  [1m[32mINSERT INTO "ar_internal_metadata" ("key", "value", "created_at", "updated_at") VALUES ('environment', 'development', '2024-10-24 14:03:42.735727', '2024-10-24 14:03:42.735729') RETURNING "key"[0m
  [1m[36mActiveRecord::SchemaMigration Load (0.0ms)[0m  [1m[34mSELECT "schema_migrations"."version" FROM "schema_migrations" ORDER BY "schema_migrations"."version" ASC[0m
Migrating to CreateUsers (20241024140248)
  [1m[36mTRANSACTION (0.0ms)[0m  [1m[36mbegin transaction[0m
  [1m[35m (0.7ms)[0m  [1m[35mCREATE TABLE "users" ("id" integer PRIMARY KEY AUTOINCREMENT NOT NULL, "first_name" varchar, "last_name" varchar, "timezone" varchar, "type" integer, "created_at" datetime(6) NOT NULL, "updated_at" datetime(6) NOT NULL)[0m
  [1m[36mActiveRecord::SchemaMigration Create (0.0ms)[0m  [1m[32mINSERT INTO "schema_migrations" ("version") VALUES ('20241024140248') RETURNING "version"[0m
  [1m[36mTRANSACTION (0.1ms)[0m  [1m[36mcommit transaction[0m
  [1m[36mActiveRecord::SchemaMigration Load (0.1ms)[0m  [1m[34mSELECT "schema_migrations"."version" FROM "schema_migrations" ORDER BY "schema_migrations"."version" ASC[0m
  [1m[36mUser Load (0.1ms)[0m  [1m[34mSELECT "users".* FROM "users" ORDER BY "users"."id" DESC LIMIT ?[0m  [["LIMIT", 1]]
  [1m[36mActiveRecord::InternalMetadata Load (0.4ms)[0m  [1m[34mSELECT * FROM "ar_internal_metadata" WHERE "ar_internal_metadata"."key" = ? ORDER BY "ar_internal_metadata"."key" ASC LIMIT 1[0m  [[nil, "environment"]]
  [1m[36mActiveRecord::SchemaMigration Load (0.1ms)[0m  [1m[34mSELECT "schema_migrations"."version" FROM "schema_migrations" ORDER BY "schema_migrations"."version" ASC[0m
Migrating to CreateTimeSlots (20241024143707)
  [1m[35m (0.1ms)[0m  [1m[35mALTER TABLE "time_slots" ADD "users_id" integer[0m
  [1m[35m (0.0ms)[0m  [1m[35mALTER TABLE "time_slots" ADD "users_id" integer[0m
  [1m[36mActiveRecord::InternalMetadata Load (0.6ms)[0m  [1m[34mSELECT * FROM "ar_internal_metadata" WHERE "ar_internal_metadata"."key" = ? ORDER BY "ar_internal_metadata"."key" ASC LIMIT 1[0m  [[nil, "environment"]]
  [1m[36mActiveRecord::SchemaMigration Load (0.1ms)[0m  [1m[34mSELECT "schema_migrations"."version" FROM "schema_migrations" ORDER BY "schema_migrations"."version" ASC[0m
Migrating to CreateTimeSlots (20241024143707)
  [1m[36mTRANSACTION (0.0ms)[0m  [1m[36mbegin transaction[0m
  [1m[35m (0.8ms)[0m  [1m[35mCREATE TABLE "time_slots" ("id" integer PRIMARY KEY AUTOINCREMENT NOT NULL, "start_time" datetime(6), "created_at" datetime(6) NOT NULL, "updated_at" datetime(6) NOT NULL)[0m
  [1m[36mActiveRecord::SchemaMigration Create (0.0ms)[0m  [1m[32mINSERT INTO "schema_migrations" ("version") VALUES ('20241024143707') RETURNING "version"[0m
  [1m[36mTRANSACTION (0.3ms)[0m  [1m[36mcommit transaction[0m
  [1m[36mActiveRecord::SchemaMigration Load (0.0ms)[0m  [1m[34mSELECT "schema_migrations"."version" FROM "schema_migrations" ORDER BY "schema_migrations"."version" ASC[0m
  [1m[36mActiveRecord::SchemaMigration Load (0.1ms)[0m  [1m[34mSELECT "schema_migrations"."version" FROM "schema_migrations" ORDER BY "schema_migrations"."version" ASC[0m
  [1m[36mActiveRecord::SchemaMigration Load (0.0ms)[0m  [1m[34mSELECT "schema_migrations"."version" FROM "schema_migrations" ORDER BY "schema_migrations"."version" ASC[0m
  [1m[36mActiveRecord::SchemaMigration Load (0.0ms)[0m  [1m[34mSELECT "schema_migrations"."version" FROM "schema_migrations" ORDER BY "schema_migrations"."version" ASC[0m
  [1m[36mActiveRecord::SchemaMigration Load (0.0ms)[0m  [1m[34mSELECT "schema_migrations"."version" FROM "schema_migrations" ORDER BY "schema_migrations"."version" ASC[0m
Migrating to CreateTimeSlots (20241024143707)
  [1m[36mTRANSACTION (0.0ms)[0m  [1m[36mbegin transaction[0m
  [1m[35m (0.7ms)[0m  [1m[35mDROP TABLE "time_slots"[0m
  [1m[36mActiveRecord::SchemaMigration Destroy (0.0ms)[0m  [1m[31mDELETE FROM "schema_migrations" WHERE "schema_migrations"."version" = '20241024143707'[0m
  [1m[36mTRANSACTION (1.3ms)[0m  [1m[36mcommit transaction[0m
  [1m[36mActiveRecord::SchemaMigration Load (0.6ms)[0m  [1m[34mSELECT "schema_migrations"."version" FROM "schema_migrations" ORDER BY "schema_migrations"."version" ASC[0m
  [1m[36mActiveRecord::InternalMetadata Load (0.4ms)[0m  [1m[34mSELECT * FROM "ar_internal_metadata" WHERE "ar_internal_metadata"."key" = ? ORDER BY "ar_internal_metadata"."key" ASC LIMIT 1[0m  [[nil, "environment"]]
  [1m[36mActiveRecord::SchemaMigration Load (0.0ms)[0m  [1m[34mSELECT "schema_migrations"."version" FROM "schema_migrations" ORDER BY "schema_migrations"."version" ASC[0m
Migrating to CreateTimeSlots (20241024143707)
  [1m[36mTRANSACTION (0.0ms)[0m  [1m[36mbegin transaction[0m
  [1m[35m (0.8ms)[0m  [1m[35mCREATE TABLE "time_slots" ("id" integer PRIMARY KEY AUTOINCREMENT NOT NULL, "start_time" datetime(6), "created_at" datetime(6) NOT NULL, "updated_at" datetime(6) NOT NULL)[0m
  [1m[35m (0.1ms)[0m  [1m[35mALTER TABLE "time_slots" ADD "user_id" integer[0m
  [1m[35m (0.0ms)[0m  [1m[35mCREATE INDEX "index_time_slots_on_user_id" ON "time_slots" ("user_id")[0m
  [1m[35m (0.0ms)[0m  [1m[35mPRAGMA foreign_keys[0m
  [1m[35m (0.1ms)[0m  [1m[35mPRAGMA defer_foreign_keys[0m
  [1m[35m (0.1ms)[0m  [1m[35mPRAGMA defer_foreign_keys = ON[0m
  [1m[35m (0.0ms)[0m  [1m[35mPRAGMA foreign_keys = OFF[0m
  [1m[35m (1.3ms)[0m  [1m[35mCREATE TEMPORARY TABLE "atime_slots" ("id" integer PRIMARY KEY AUTOINCREMENT NOT NULL, "start_time" datetime(6), "created_at" datetime(6) NOT NULL, "updated_at" datetime(6) NOT NULL, "user_id" integer)[0m
  [1m[35m (0.4ms)[0m  [1m[35mCREATE INDEX "tindex_atime_slots_on_user_id" ON "atime_slots" ("user_id")[0m
  [1m[35m (0.4ms)[0m  [1m[32mINSERT INTO "atime_slots" ("id","start_time","created_at","updated_at","user_id")
                     SELECT "id","start_time","created_at","updated_at","user_id" FROM "time_slots"[0m
  [1m[35m (0.1ms)[0m  [1m[35mDROP TABLE "time_slots"[0m
  [1m[35m (0.0ms)[0m  [1m[35mCREATE TABLE "time_slots" ("id" integer PRIMARY KEY AUTOINCREMENT NOT NULL, "start_time" datetime(6), "created_at" datetime(6) NOT NULL, "updated_at" datetime(6) NOT NULL, "user_id" integer, CONSTRAINT "fk_rails_93805f48ad"
FOREIGN KEY ("user_id")
  REFERENCES "users" ("id")
)[0m
  [1m[35m (0.0ms)[0m  [1m[35mCREATE INDEX "index_time_slots_on_user_id" ON "time_slots" ("user_id")[0m
  [1m[35m (0.0ms)[0m  [1m[32mINSERT INTO "time_slots" ("id","start_time","created_at","updated_at","user_id")
                     SELECT "id","start_time","created_at","updated_at","user_id" FROM "atime_slots"[0m
  [1m[35m (0.1ms)[0m  [1m[35mDROP TABLE "atime_slots"[0m
  [1m[35m (0.0ms)[0m  [1m[35mPRAGMA defer_foreign_keys = 0[0m
  [1m[35m (0.0ms)[0m  [1m[35mPRAGMA foreign_keys = 1[0m
  [1m[36mActiveRecord::SchemaMigration Create (0.0ms)[0m  [1m[32mINSERT INTO "schema_migrations" ("version") VALUES ('20241024143707') RETURNING "version"[0m
  [1m[36mTRANSACTION (0.7ms)[0m  [1m[36mcommit transaction[0m
  [1m[36mActiveRecord::SchemaMigration Load (0.4ms)[0m  [1m[34mSELECT "schema_migrations"."version" FROM "schema_migrations" ORDER BY "schema_migrations"."version" ASC[0m
  [1m[36mActiveRecord::SchemaMigration Load (0.1ms)[0m  [1m[34mSELECT "schema_migrations"."version" FROM "schema_migrations" ORDER BY "schema_migrations"."version" ASC[0m
  [1m[36mActiveRecord::SchemaMigration Load (0.0ms)[0m  [1m[34mSELECT "schema_migrations"."version" FROM "schema_migrations" ORDER BY "schema_migrations"."version" ASC[0m
  [1m[36mActiveRecord::SchemaMigration Load (0.0ms)[0m  [1m[34mSELECT "schema_migrations"."version" FROM "schema_migrations" ORDER BY "schema_migrations"."version" ASC[0m
  [1m[36mActiveRecord::SchemaMigration Load (0.0ms)[0m  [1m[34mSELECT "schema_migrations"."version" FROM "schema_migrations" ORDER BY "schema_migrations"."version" ASC[0m
Migrating to CreateTimeSlots (20241024143707)
  [1m[36mTRANSACTION (0.0ms)[0m  [1m[36mbegin transaction[0m
  [1m[35m (0.0ms)[0m  [1m[35mPRAGMA foreign_keys[0m
  [1m[35m (0.2ms)[0m  [1m[35mPRAGMA defer_foreign_keys[0m
  [1m[35m (0.6ms)[0m  [1m[35mPRAGMA defer_foreign_keys = ON[0m
  [1m[35m (0.0ms)[0m  [1m[35mPRAGMA foreign_keys = OFF[0m
  [1m[35m (0.1ms)[0m  [1m[35mCREATE TEMPORARY TABLE "atime_slots" ("id" integer PRIMARY KEY AUTOINCREMENT NOT NULL, "start_time" datetime(6), "created_at" datetime(6) NOT NULL, "updated_at" datetime(6) NOT NULL, "user_id" integer)[0m
  [1m[35m (0.6ms)[0m  [1m[35mCREATE INDEX "tindex_atime_slots_on_user_id" ON "atime_slots" ("user_id")[0m
  [1m[35m (0.2ms)[0m  [1m[32mINSERT INTO "atime_slots" ("id","start_time","created_at","updated_at","user_id")
                     SELECT "id","start_time","created_at","updated_at","user_id" FROM "time_slots"[0m
  [1m[35m (0.1ms)[0m  [1m[35mDROP TABLE "time_slots"[0m
  [1m[35m (0.0ms)[0m  [1m[35mCREATE TABLE "time_slots" ("id" integer PRIMARY KEY AUTOINCREMENT NOT NULL, "start_time" datetime(6), "created_at" datetime(6) NOT NULL, "updated_at" datetime(6) NOT NULL, "user_id" integer)[0m
  [1m[35m (0.0ms)[0m  [1m[35mCREATE INDEX "index_time_slots_on_user_id" ON "time_slots" ("user_id")[0m
  [1m[35m (0.0ms)[0m  [1m[32mINSERT INTO "time_slots" ("id","start_time","created_at","updated_at","user_id")
                     SELECT "id","start_time","created_at","updated_at","user_id" FROM "atime_slots"[0m
  [1m[35m (0.0ms)[0m  [1m[35mDROP TABLE "atime_slots"[0m
  [1m[35m (0.0ms)[0m  [1m[35mPRAGMA defer_foreign_keys = 0[0m
  [1m[35m (0.0ms)[0m  [1m[35mPRAGMA foreign_keys = 1[0m
  [1m[35m (0.0ms)[0m  [1m[35mPRAGMA foreign_keys[0m
  [1m[35m (0.0ms)[0m  [1m[35mPRAGMA defer_foreign_keys[0m
  [1m[35m (0.0ms)[0m  [1m[35mPRAGMA defer_foreign_keys = ON[0m
  [1m[35m (0.0ms)[0m  [1m[35mPRAGMA foreign_keys = OFF[0m
  [1m[35m (0.0ms)[0m  [1m[35mCREATE TEMPORARY TABLE "atime_slots" ("id" integer PRIMARY KEY AUTOINCREMENT NOT NULL, "start_time" datetime(6), "created_at" datetime(6) NOT NULL, "updated_at" datetime(6) NOT NULL, "user_id" integer)[0m
  [1m[35m (0.0ms)[0m  [1m[35mCREATE INDEX "tindex_atime_slots_on_user_id" ON "atime_slots" ("user_id")[0m
  [1m[35m (0.0ms)[0m  [1m[32mINSERT INTO "atime_slots" ("id","start_time","created_at","updated_at","user_id")
                     SELECT "id","start_time","created_at","updated_at","user_id" FROM "time_slots"[0m
  [1m[35m (0.0ms)[0m  [1m[35mDROP TABLE "time_slots"[0m
  [1m[35m (0.0ms)[0m  [1m[35mCREATE TABLE "time_slots" ("id" integer PRIMARY KEY AUTOINCREMENT NOT NULL, "start_time" datetime(6), "created_at" datetime(6) NOT NULL, "updated_at" datetime(6) NOT NULL)[0m
  [1m[35m (0.0ms)[0m  [1m[32mINSERT INTO "time_slots" ("id","start_time","created_at","updated_at")
                     SELECT "id","start_time","created_at","updated_at" FROM "atime_slots"[0m
  [1m[35m (0.0ms)[0m  [1m[35mDROP TABLE "atime_slots"[0m
  [1m[35m (0.0ms)[0m  [1m[35mPRAGMA defer_foreign_keys = 0[0m
  [1m[35m (0.0ms)[0m  [1m[35mPRAGMA foreign_keys = 1[0m
  [1m[35m (0.2ms)[0m  [1m[35mDROP TABLE "time_slots"[0m
  [1m[36mActiveRecord::SchemaMigration Destroy (0.0ms)[0m  [1m[31mDELETE FROM "schema_migrations" WHERE "schema_migrations"."version" = '20241024143707'[0m
  [1m[36mTRANSACTION (1.0ms)[0m  [1m[36mcommit transaction[0m
  [1m[36mActiveRecord::SchemaMigration Load (0.5ms)[0m  [1m[34mSELECT "schema_migrations"."version" FROM "schema_migrations" ORDER BY "schema_migrations"."version" ASC[0m
  [1m[36mActiveRecord::InternalMetadata Load (0.4ms)[0m  [1m[34mSELECT * FROM "ar_internal_metadata" WHERE "ar_internal_metadata"."key" = ? ORDER BY "ar_internal_metadata"."key" ASC LIMIT 1[0m  [[nil, "environment"]]
  [1m[36mActiveRecord::SchemaMigration Load (0.0ms)[0m  [1m[34mSELECT "schema_migrations"."version" FROM "schema_migrations" ORDER BY "schema_migrations"."version" ASC[0m
Migrating to CreateTimeSlots (20241024143707)
  [1m[36mTRANSACTION (0.0ms)[0m  [1m[36mbegin transaction[0m
  [1m[35m (0.7ms)[0m  [1m[35mCREATE TABLE "time_slots" ("id" integer PRIMARY KEY AUTOINCREMENT NOT NULL, "start_time" datetime(6), "created_at" datetime(6) NOT NULL, "updated_at" datetime(6) NOT NULL)[0m
  [1m[35m (0.1ms)[0m  [1m[35mALTER TABLE "time_slots" ADD "user_id" integer[0m
  [1m[35m (0.0ms)[0m  [1m[35mCREATE INDEX "index_time_slots_on_user_id" ON "time_slots" ("user_id")[0m
  [1m[35m (0.0ms)[0m  [1m[35mPRAGMA foreign_keys[0m
  [1m[35m (0.1ms)[0m  [1m[35mPRAGMA defer_foreign_keys[0m
  [1m[35m (0.1ms)[0m  [1m[35mPRAGMA defer_foreign_keys = ON[0m
  [1m[35m (0.0ms)[0m  [1m[35mPRAGMA foreign_keys = OFF[0m
  [1m[35m (1.4ms)[0m  [1m[35mCREATE TEMPORARY TABLE "atime_slots" ("id" integer PRIMARY KEY AUTOINCREMENT NOT NULL, "start_time" datetime(6), "created_at" datetime(6) NOT NULL, "updated_at" datetime(6) NOT NULL, "user_id" integer)[0m
  [1m[35m (0.5ms)[0m  [1m[35mCREATE INDEX "tindex_atime_slots_on_user_id" ON "atime_slots" ("user_id")[0m
  [1m[35m (0.4ms)[0m  [1m[32mINSERT INTO "atime_slots" ("id","start_time","created_at","updated_at","user_id")
                     SELECT "id","start_time","created_at","updated_at","user_id" FROM "time_slots"[0m
  [1m[35m (0.0ms)[0m  [1m[35mDROP TABLE "time_slots"[0m
  [1m[35m (0.1ms)[0m  [1m[35mCREATE TABLE "time_slots" ("id" integer PRIMARY KEY AUTOINCREMENT NOT NULL, "start_time" datetime(6), "created_at" datetime(6) NOT NULL, "updated_at" datetime(6) NOT NULL, "user_id" integer, CONSTRAINT "fk_rails_93805f48ad"
FOREIGN KEY ("user_id")
  REFERENCES "users" ("id")
)[0m
  [1m[35m (0.0ms)[0m  [1m[35mCREATE INDEX "index_time_slots_on_user_id" ON "time_slots" ("user_id")[0m
  [1m[35m (0.0ms)[0m  [1m[32mINSERT INTO "time_slots" ("id","start_time","created_at","updated_at","user_id")
                     SELECT "id","start_time","created_at","updated_at","user_id" FROM "atime_slots"[0m
  [1m[35m (0.1ms)[0m  [1m[35mDROP TABLE "atime_slots"[0m
  [1m[35m (0.0ms)[0m  [1m[35mPRAGMA defer_foreign_keys = 0[0m
  [1m[35m (0.0ms)[0m  [1m[35mPRAGMA foreign_keys = 1[0m
  [1m[35m (0.2ms)[0m  [1m[35mCREATE UNIQUE INDEX "index_time_slots_on_start_time_and_user" ON "time_slots" ("start_time", "user")[0m
  [1m[36mTRANSACTION (0.4ms)[0m  [1m[31mrollback transaction[0m
  [1m[36mActiveRecord::InternalMetadata Load (0.4ms)[0m  [1m[34mSELECT * FROM "ar_internal_metadata" WHERE "ar_internal_metadata"."key" = ? ORDER BY "ar_internal_metadata"."key" ASC LIMIT 1[0m  [[nil, "environment"]]
  [1m[36mActiveRecord::SchemaMigration Load (0.0ms)[0m  [1m[34mSELECT "schema_migrations"."version" FROM "schema_migrations" ORDER BY "schema_migrations"."version" ASC[0m
Migrating to CreateTimeSlots (20241024143707)
  [1m[36mTRANSACTION (0.0ms)[0m  [1m[36mbegin transaction[0m
  [1m[35m (0.7ms)[0m  [1m[35mCREATE TABLE "time_slots" ("id" integer PRIMARY KEY AUTOINCREMENT NOT NULL, "start_time" datetime(6), "created_at" datetime(6) NOT NULL, "updated_at" datetime(6) NOT NULL)[0m
  [1m[35m (0.1ms)[0m  [1m[35mALTER TABLE "time_slots" ADD "user_id" integer[0m
  [1m[35m (0.0ms)[0m  [1m[35mCREATE INDEX "index_time_slots_on_user_id" ON "time_slots" ("user_id")[0m
  [1m[35m (0.0ms)[0m  [1m[35mPRAGMA foreign_keys[0m
  [1m[35m (0.1ms)[0m  [1m[35mPRAGMA defer_foreign_keys[0m
  [1m[35m (0.1ms)[0m  [1m[35mPRAGMA defer_foreign_keys = ON[0m
  [1m[35m (0.0ms)[0m  [1m[35mPRAGMA foreign_keys = OFF[0m
  [1m[35m (1.3ms)[0m  [1m[35mCREATE TEMPORARY TABLE "atime_slots" ("id" integer PRIMARY KEY AUTOINCREMENT NOT NULL, "start_time" datetime(6), "created_at" datetime(6) NOT NULL, "updated_at" datetime(6) NOT NULL, "user_id" integer)[0m
  [1m[35m (0.4ms)[0m  [1m[35mCREATE INDEX "tindex_atime_slots_on_user_id" ON "atime_slots" ("user_id")[0m
  [1m[35m (0.4ms)[0m  [1m[32mINSERT INTO "atime_slots" ("id","start_time","created_at","updated_at","user_id")
                     SELECT "id","start_time","created_at","updated_at","user_id" FROM "time_slots"[0m
  [1m[35m (0.0ms)[0m  [1m[35mDROP TABLE "time_slots"[0m
  [1m[35m (0.0ms)[0m  [1m[35mCREATE TABLE "time_slots" ("id" integer PRIMARY KEY AUTOINCREMENT NOT NULL, "start_time" datetime(6), "created_at" datetime(6) NOT NULL, "updated_at" datetime(6) NOT NULL, "user_id" integer, CONSTRAINT "fk_rails_93805f48ad"
FOREIGN KEY ("user_id")
  REFERENCES "users" ("id")
)[0m
  [1m[35m (0.0ms)[0m  [1m[35mCREATE INDEX "index_time_slots_on_user_id" ON "time_slots" ("user_id")[0m
  [1m[35m (0.0ms)[0m  [1m[32mINSERT INTO "time_slots" ("id","start_time","created_at","updated_at","user_id")
                     SELECT "id","start_time","created_at","updated_at","user_id" FROM "atime_slots"[0m
  [1m[35m (0.0ms)[0m  [1m[35mDROP TABLE "atime_slots"[0m
  [1m[35m (0.0ms)[0m  [1m[35mPRAGMA defer_foreign_keys = 0[0m
  [1m[35m (0.0ms)[0m  [1m[35mPRAGMA foreign_keys = 1[0m
  [1m[35m (0.0ms)[0m  [1m[35mCREATE UNIQUE INDEX "index_time_slots_on_start_time_and_user_id" ON "time_slots" ("start_time", "user_id")[0m
  [1m[36mActiveRecord::SchemaMigration Create (0.0ms)[0m  [1m[32mINSERT INTO "schema_migrations" ("version") VALUES ('20241024143707') RETURNING "version"[0m
  [1m[36mTRANSACTION (0.6ms)[0m  [1m[36mcommit transaction[0m
  [1m[36mActiveRecord::SchemaMigration Load (0.4ms)[0m  [1m[34mSELECT "schema_migrations"."version" FROM "schema_migrations" ORDER BY "schema_migrations"."version" ASC[0m
  [1m[36mActiveRecord::InternalMetadata Load (0.4ms)[0m  [1m[34mSELECT * FROM "ar_internal_metadata" WHERE "ar_internal_metadata"."key" = ? ORDER BY "ar_internal_metadata"."key" ASC LIMIT 1[0m  [[nil, "environment"]]
  [1m[36mActiveRecord::SchemaMigration Load (0.0ms)[0m  [1m[34mSELECT "schema_migrations"."version" FROM "schema_migrations" ORDER BY "schema_migrations"."version" ASC[0m
  [1m[36mActiveRecord::SchemaMigration Load (0.0ms)[0m  [1m[34mSELECT "schema_migrations"."version" FROM "schema_migrations" ORDER BY "schema_migrations"."version" ASC[0m
  [1m[36mActiveRecord::InternalMetadata Load (0.4ms)[0m  [1m[34mSELECT * FROM "ar_internal_metadata" WHERE "ar_internal_metadata"."key" = ? ORDER BY "ar_internal_metadata"."key" ASC LIMIT 1[0m  [[nil, "environment"]]
  [1m[36mActiveRecord::SchemaMigration Load (0.0ms)[0m  [1m[34mSELECT "schema_migrations"."version" FROM "schema_migrations" ORDER BY "schema_migrations"."version" ASC[0m
Migrating to CreateBookings (20241024150328)
  [1m[35m (0.1ms)[0m  [1m[35mALTER TABLE "bookings" ADD "user_id" integer[0m
  [1m[35m (0.1ms)[0m  [1m[35mALTER TABLE "bookings" ADD "user_id" integer[0m
  [1m[36mActiveRecord::InternalMetadata Load (0.5ms)[0m  [1m[34mSELECT * FROM "ar_internal_metadata" WHERE "ar_internal_metadata"."key" = ? ORDER BY "ar_internal_metadata"."key" ASC LIMIT 1[0m  [[nil, "environment"]]
  [1m[36mActiveRecord::SchemaMigration Load (0.0ms)[0m  [1m[34mSELECT "schema_migrations"."version" FROM "schema_migrations" ORDER BY "schema_migrations"."version" ASC[0m
Migrating to CreateBookings (20241024150328)
  [1m[36mTRANSACTION (0.0ms)[0m  [1m[36mbegin transaction[0m
  [1m[35m (0.8ms)[0m  [1m[35mCREATE TABLE "bookings" ("id" integer PRIMARY KEY AUTOINCREMENT NOT NULL, "satisfaction_score" integer, "notes" text, "created_at" datetime(6) NOT NULL, "updated_at" datetime(6) NOT NULL)[0m
  [1m[35m (0.1ms)[0m  [1m[35mALTER TABLE "bookings" ADD "user_id" integer[0m
  [1m[35m (0.0ms)[0m  [1m[35mCREATE INDEX "index_bookings_on_user_id" ON "bookings" ("user_id")[0m
  [1m[35m (0.0ms)[0m  [1m[35mPRAGMA foreign_keys[0m
  [1m[35m (0.1ms)[0m  [1m[35mPRAGMA defer_foreign_keys[0m
  [1m[35m (0.1ms)[0m  [1m[35mPRAGMA defer_foreign_keys = ON[0m
  [1m[35m (0.0ms)[0m  [1m[35mPRAGMA foreign_keys = OFF[0m
  [1m[35m (1.6ms)[0m  [1m[35mCREATE TEMPORARY TABLE "abookings" ("id" integer PRIMARY KEY AUTOINCREMENT NOT NULL, "satisfaction_score" integer, "notes" text, "created_at" datetime(6) NOT NULL, "updated_at" datetime(6) NOT NULL, "user_id" integer)[0m
  [1m[35m (0.6ms)[0m  [1m[35mCREATE INDEX "tindex_abookings_on_user_id" ON "abookings" ("user_id")[0m
  [1m[35m (0.4ms)[0m  [1m[32mINSERT INTO "abookings" ("id","satisfaction_score","notes","created_at","updated_at","user_id")
                     SELECT "id","satisfaction_score","notes","created_at","updated_at","user_id" FROM "bookings"[0m
  [1m[35m (0.1ms)[0m  [1m[35mDROP TABLE "bookings"[0m
  [1m[35m (0.0ms)[0m  [1m[35mCREATE TABLE "bookings" ("id" integer PRIMARY KEY AUTOINCREMENT NOT NULL, "satisfaction_score" integer, "notes" text, "created_at" datetime(6) NOT NULL, "updated_at" datetime(6) NOT NULL, "user_id" integer, CONSTRAINT "fk_rails_ef0571f117"
FOREIGN KEY ("user_id")
  REFERENCES "users" ("id")
)[0m
  [1m[35m (0.0ms)[0m  [1m[35mCREATE INDEX "index_bookings_on_user_id" ON "bookings" ("user_id")[0m
  [1m[35m (0.0ms)[0m  [1m[32mINSERT INTO "bookings" ("id","satisfaction_score","notes","created_at","updated_at","user_id")
                     SELECT "id","satisfaction_score","notes","created_at","updated_at","user_id" FROM "abookings"[0m
  [1m[35m (0.0ms)[0m  [1m[35mDROP TABLE "abookings"[0m
  [1m[35m (0.0ms)[0m  [1m[35mPRAGMA defer_foreign_keys = 0[0m
  [1m[35m (0.0ms)[0m  [1m[35mPRAGMA foreign_keys = 1[0m
  [1m[35m (0.1ms)[0m  [1m[35mALTER TABLE "bookings" ADD "time_slot_id" integer[0m
  [1m[35m (0.0ms)[0m  [1m[35mCREATE INDEX "index_bookings_on_time_slot_id" ON "bookings" ("time_slot_id")[0m
  [1m[35m (0.0ms)[0m  [1m[35mPRAGMA foreign_keys[0m
  [1m[35m (0.0ms)[0m  [1m[35mPRAGMA defer_foreign_keys[0m
  [1m[35m (0.0ms)[0m  [1m[35mPRAGMA defer_foreign_keys = ON[0m
  [1m[35m (0.0ms)[0m  [1m[35mPRAGMA foreign_keys = OFF[0m
  [1m[35m (0.1ms)[0m  [1m[35mCREATE TEMPORARY TABLE "abookings" ("id" integer PRIMARY KEY AUTOINCREMENT NOT NULL, "satisfaction_score" integer, "notes" text, "created_at" datetime(6) NOT NULL, "updated_at" datetime(6) NOT NULL, "user_id" integer, "time_slot_id" integer)[0m
  [1m[35m (0.0ms)[0m  [1m[35mCREATE INDEX "tindex_abookings_on_time_slot_id" ON "abookings" ("time_slot_id")[0m
  [1m[35m (0.1ms)[0m  [1m[35mCREATE INDEX "tindex_abookings_on_user_id" ON "abookings" ("user_id")[0m
  [1m[35m (0.0ms)[0m  [1m[32mINSERT INTO "abookings" ("id","satisfaction_score","notes","created_at","updated_at","user_id","time_slot_id")
                     SELECT "id","satisfaction_score","notes","created_at","updated_at","user_id","time_slot_id" FROM "bookings"[0m
  [1m[35m (0.1ms)[0m  [1m[35mDROP TABLE "bookings"[0m
  [1m[35m (0.0ms)[0m  [1m[35mCREATE TABLE "bookings" ("id" integer PRIMARY KEY AUTOINCREMENT NOT NULL, "satisfaction_score" integer, "notes" text, "created_at" datetime(6) NOT NULL, "updated_at" datetime(6) NOT NULL, "user_id" integer, "time_slot_id" integer, CONSTRAINT "fk_rails_ef0571f117"
FOREIGN KEY ("user_id")
  REFERENCES "users" ("id")
, CONSTRAINT "fk_rails_5ef292e03b"
FOREIGN KEY ("time_slot_id")
  REFERENCES "time_slots" ("id")
)[0m
  [1m[35m (0.2ms)[0m  [1m[35mCREATE INDEX "index_bookings_on_user_id" ON "bookings" ("user_id")[0m
  [1m[35m (0.0ms)[0m  [1m[35mCREATE INDEX "index_bookings_on_time_slot_id" ON "bookings" ("time_slot_id")[0m
  [1m[35m (0.0ms)[0m  [1m[32mINSERT INTO "bookings" ("id","satisfaction_score","notes","created_at","updated_at","user_id","time_slot_id")
                     SELECT "id","satisfaction_score","notes","created_at","updated_at","user_id","time_slot_id" FROM "abookings"[0m
  [1m[35m (0.1ms)[0m  [1m[35mDROP TABLE "abookings"[0m
  [1m[35m (0.0ms)[0m  [1m[35mPRAGMA defer_foreign_keys = 0[0m
  [1m[35m (0.0ms)[0m  [1m[35mPRAGMA foreign_keys = 1[0m
  [1m[35m (0.1ms)[0m  [1m[35mCREATE UNIQUE INDEX "index_bookings_on_time_slot_id_and_user_id" ON "bookings" ("time_slot_id", "user_id")[0m
  [1m[36mActiveRecord::SchemaMigration Create (0.0ms)[0m  [1m[32mINSERT INTO "schema_migrations" ("version") VALUES ('20241024150328') RETURNING "version"[0m
  [1m[36mTRANSACTION (1.1ms)[0m  [1m[36mcommit transaction[0m
  [1m[36mActiveRecord::SchemaMigration Load (0.4ms)[0m  [1m[34mSELECT "schema_migrations"."version" FROM "schema_migrations" ORDER BY "schema_migrations"."version" ASC[0m
